0 verbose cli /usr/local/bin/node /usr/local/bin/npm
1 info using npm@8.19.2
2 info using node@v19.0.0
3 timing npm:load:whichnode Completed in 0ms
4 timing config:load:defaults Completed in 1ms
5 timing config:load:file:/usr/local/lib/node_modules/npm/npmrc Completed in 0ms
6 timing config:load:builtin Completed in 0ms
7 warn config production Use `--omit=dev` instead.
8 timing config:load:cli Completed in 1ms
9 timing config:load:env Completed in 1ms
10 timing config:load:project Completed in 0ms
11 timing config:load:file:/home/container/.npmrc Completed in 1ms
12 timing config:load:user Completed in 1ms
13 timing config:load:file:/usr/local/etc/npmrc Completed in 0ms
14 timing config:load:global Completed in 0ms
15 timing config:load:validate Completed in 0ms
16 timing config:load:credentials Completed in 0ms
17 timing config:load:setEnvs Completed in 1ms
18 timing config:load Completed in 5ms
19 timing npm:load:configload Completed in 5ms
20 timing npm:load:mkdirpcache Completed in 1ms
21 timing npm:load:mkdirplogs Completed in 0ms
22 verbose title npm install
23 verbose argv "install" "--save" "--production"
24 timing npm:load:setTitle Completed in 1ms
25 timing config:load:flatten Completed in 1ms
26 timing npm:load:display Completed in 2ms
27 verbose logfile logs-max:10 dir:/home/container/.npm/_logs
28 verbose logfile /home/container/.npm/_logs/2024-08-05T09_45_46_276Z-debug-0.log
29 timing npm:load:logFile Completed in 2ms
30 timing npm:load:timers Completed in 0ms
31 timing npm:load:configScope Completed in 0ms
32 timing npm:load Completed in 11ms
33 timing arborist:ctor Completed in 1ms
34 silly logfile start cleaning logs, removing 1 files
35 silly logfile done cleaning log files
36 timing idealTree:init Completed in 268ms
37 timing idealTree:userRequests Completed in 0ms
38 silly idealTree buildDeps
39 timing idealTree:#root Completed in 0ms
40 timing idealTree:buildDeps Completed in 1ms
41 timing idealTree:fixDepFlags Completed in 0ms
42 timing idealTree Completed in 272ms
43 timing arborist:ctor Completed in 0ms
44 timing reify:loadTrees Completed in 466ms
45 timing reify:diffTrees Completed in 6ms
46 silly reify moves {}
47 timing reify:retireShallow Completed in 1ms
48 timing reify:createSparse Completed in 2ms
49 timing reify:trashOmits Completed in 0ms
50 timing reify:loadBundles Completed in 0ms
51 silly audit bulk request {
51 silly audit   '@algolia/autocomplete-core': [ '1.9.3' ],
51 silly audit   '@algolia/autocomplete-plugin-algolia-insights': [ '1.9.3' ],
51 silly audit   '@algolia/autocomplete-preset-algolia': [ '1.9.3' ],
51 silly audit   '@algolia/autocomplete-shared': [ '1.9.3' ],
51 silly audit   '@algolia/cache-browser-local-storage': [ '4.24.0' ],
51 silly audit   '@algolia/cache-common': [ '4.24.0' ],
51 silly audit   '@algolia/cache-in-memory': [ '4.24.0' ],
51 silly audit   '@algolia/client-account': [ '4.24.0' ],
51 silly audit   '@algolia/client-analytics': [ '4.24.0' ],
51 silly audit   '@algolia/client-common': [ '4.24.0' ],
51 silly audit   '@algolia/client-personalization': [ '4.24.0' ],
51 silly audit   '@algolia/client-search': [ '4.24.0' ],
51 silly audit   '@algolia/events': [ '4.0.1' ],
51 silly audit   '@algolia/logger-common': [ '4.24.0' ],
51 silly audit   '@algolia/logger-console': [ '4.24.0' ],
51 silly audit   '@algolia/recommend': [ '4.24.0' ],
51 silly audit   '@algolia/requester-browser-xhr': [ '4.24.0' ],
51 silly audit   '@algolia/requester-common': [ '4.24.0' ],
51 silly audit   '@algolia/requester-node-http': [ '4.24.0' ],
51 silly audit   '@algolia/transporter': [ '4.24.0' ],
51 silly audit   '@ampproject/remapping': [ '2.3.0' ],
51 silly audit   '@babel/code-frame': [ '7.24.7' ],
51 silly audit   '@babel/compat-data': [ '7.25.2' ],
51 silly audit   '@babel/core': [ '7.25.2' ],
51 silly audit   semver: [ '6.3.1', '7.6.3' ],
51 silly audit   '@babel/generator': [ '7.25.0' ],
51 silly audit   '@babel/helper-annotate-as-pure': [ '7.24.7' ],
51 silly audit   '@babel/helper-builder-binary-assignment-operator-visitor': [ '7.24.7' ],
51 silly audit   '@babel/helper-compilation-targets': [ '7.25.2' ],
51 silly audit   '@babel/helper-create-class-features-plugin': [ '7.25.0' ],
51 silly audit   '@babel/helper-create-regexp-features-plugin': [ '7.25.2' ],
51 silly audit   '@babel/helper-define-polyfill-provider': [ '0.6.2' ],
51 silly audit   '@babel/helper-member-expression-to-functions': [ '7.24.8' ],
51 silly audit   '@babel/helper-module-imports': [ '7.24.7' ],
51 silly audit   '@babel/helper-module-transforms': [ '7.25.2' ],
51 silly audit   '@babel/helper-optimise-call-expression': [ '7.24.7' ],
51 silly audit   '@babel/helper-plugin-utils': [ '7.24.8' ],
51 silly audit   '@babel/helper-remap-async-to-generator': [ '7.25.0' ],
51 silly audit   '@babel/helper-replace-supers': [ '7.25.0' ],
51 silly audit   '@babel/helper-simple-access': [ '7.24.7' ],
51 silly audit   '@babel/helper-skip-transparent-expression-wrappers': [ '7.24.7' ],
51 silly audit   '@babel/helper-string-parser': [ '7.24.8' ],
51 silly audit   '@babel/helper-validator-identifier': [ '7.24.7' ],
51 silly audit   '@babel/helper-validator-option': [ '7.24.8' ],
51 silly audit   '@babel/helper-wrap-function': [ '7.25.0' ],
51 silly audit   '@babel/helpers': [ '7.25.0' ],
51 silly audit   '@babel/highlight': [ '7.24.7' ],
51 silly audit   'ansi-styles': [ '3.2.1', '4.3.0', '6.2.1' ],
51 silly audit   chalk: [ '2.4.2', '4.1.2', '5.3.0' ],
51 silly audit   'color-convert': [ '1.9.3', '2.0.1' ],
51 silly audit   'color-name': [ '1.1.3', '1.1.4' ],
51 silly audit   'escape-string-regexp': [ '1.0.5', '4.0.0', '5.0.0' ],
51 silly audit   'has-flag': [ '3.0.0', '4.0.0' ],
51 silly audit   'supports-color': [ '5.5.0', '8.1.1', '7.2.0' ],
51 silly audit   '@babel/parser': [ '7.25.3' ],
51 silly audit   '@babel/plugin-bugfix-firefox-class-in-computed-class-key': [ '7.25.3' ],
51 silly audit   '@babel/plugin-bugfix-safari-class-field-initializer-scope': [ '7.25.0' ],
51 silly audit   '@babel/plugin-bugfix-safari-id-destructuring-collision-in-function-expression': [ '7.25.0' ],
51 silly audit   '@babel/plugin-bugfix-v8-spread-parameters-in-optional-chaining': [ '7.24.7' ],
51 silly audit   '@babel/plugin-bugfix-v8-static-class-fields-redefine-readonly': [ '7.25.0' ],
51 silly audit   '@babel/plugin-proposal-private-property-in-object': [ '7.21.0-placeholder-for-preset-env.2' ],
51 silly audit   '@babel/plugin-syntax-async-generators': [ '7.8.4' ],
51 silly audit   '@babel/plugin-syntax-class-properties': [ '7.12.13' ],
51 silly audit   '@babel/plugin-syntax-class-static-block': [ '7.14.5' ],
51 silly audit   '@babel/plugin-syntax-dynamic-import': [ '7.8.3' ],
51 silly audit   '@babel/plugin-syntax-export-namespace-from': [ '7.8.3' ],
51 silly audit   '@babel/plugin-syntax-import-assertions': [ '7.24.7' ],
51 silly audit   '@babel/plugin-syntax-import-attributes': [ '7.24.7' ],
51 silly audit   '@babel/plugin-syntax-import-meta': [ '7.10.4' ],
51 silly audit   '@babel/plugin-syntax-json-strings': [ '7.8.3' ],
51 silly audit   '@babel/plugin-syntax-jsx': [ '7.24.7' ],
51 silly audit   '@babel/plugin-syntax-logical-assignment-operators': [ '7.10.4' ],
51 silly audit   '@babel/plugin-syntax-nullish-coalescing-operator': [ '7.8.3' ],
51 silly audit   '@babel/plugin-syntax-numeric-separator': [ '7.10.4' ],
51 silly audit   '@babel/plugin-syntax-object-rest-spread': [ '7.8.3' ],
51 silly audit   '@babel/plugin-syntax-optional-catch-binding': [ '7.8.3' ],
51 silly audit   '@babel/plugin-syntax-optional-chaining': [ '7.8.3' ],
51 silly audit   '@babel/plugin-syntax-private-property-in-object': [ '7.14.5' ],
51 silly audit   '@babel/plugin-syntax-top-level-await': [ '7.14.5' ],
51 silly audit   '@babel/plugin-syntax-typescript': [ '7.24.7' ],
51 silly audit   '@babel/plugin-syntax-unicode-sets-regex': [ '7.18.6' ],
51 silly audit   '@babel/plugin-transform-arrow-functions': [ '7.24.7' ],
51 silly audit   '@babel/plugin-transform-async-generator-functions': [ '7.25.0' ],
51 silly audit   '@babel/plugin-transform-async-to-generator': [ '7.24.7' ],
51 silly audit   '@babel/plugin-transform-block-scoped-functions': [ '7.24.7' ],
51 silly audit   '@babel/plugin-transform-block-scoping': [ '7.25.0' ],
51 silly audit   '@babel/plugin-transform-class-properties': [ '7.24.7' ],
51 silly audit   '@babel/plugin-transform-class-static-block': [ '7.24.7' ],
51 silly audit   '@babel/plugin-transform-classes': [ '7.25.0' ],
51 silly audit   '@babel/plugin-transform-computed-properties': [ '7.24.7' ],
51 silly audit   '@babel/plugin-transform-destructuring': [ '7.24.8' ],
51 silly audit   '@babel/plugin-transform-dotall-regex': [ '7.24.7' ],
51 silly audit   '@babel/plugin-transform-duplicate-keys': [ '7.24.7' ],
51 silly audit   '@babel/plugin-transform-duplicate-named-capturing-groups-regex': [ '7.25.0' ],
51 silly audit   '@babel/plugin-transform-dynamic-import': [ '7.24.7' ],
51 silly audit   '@babel/plugin-transform-exponentiation-operator': [ '7.24.7' ],
51 silly audit   '@babel/plugin-transform-export-namespace-from': [ '7.24.7' ],
51 silly audit   '@babel/plugin-transform-for-of': [ '7.24.7' ],
51 silly audit   '@babel/plugin-transform-function-name': [ '7.25.1' ],
51 silly audit   '@babel/plugin-transform-json-strings': [ '7.24.7' ],
51 silly audit   '@babel/plugin-transform-literals': [ '7.25.2' ],
51 silly audit   '@babel/plugin-transform-logical-assignment-operators': [ '7.24.7' ],
51 silly audit   '@babel/plugin-transform-member-expression-literals': [ '7.24.7' ],
51 silly audit   '@babel/plugin-transform-modules-amd': [ '7.24.7' ],
51 silly audit   '@babel/plugin-transform-modules-commonjs': [ '7.24.8' ],
51 silly audit   '@babel/plugin-transform-modules-systemjs': [ '7.25.0' ],
51 silly audit   '@babel/plugin-transform-modules-umd': [ '7.24.7' ],
51 silly audit   '@babel/plugin-transform-named-capturing-groups-regex': [ '7.24.7' ],
51 silly audit   '@babel/plugin-transform-new-target': [ '7.24.7' ],
51 silly audit   '@babel/plugin-transform-nullish-coalescing-operator': [ '7.24.7' ],
51 silly audit   '@babel/plugin-transform-numeric-separator': [ '7.24.7' ],
51 silly audit   '@babel/plugin-transform-object-rest-spread': [ '7.24.7' ],
51 silly audit   '@babel/plugin-transform-object-super': [ '7.24.7' ],
51 silly audit   '@babel/plugin-transform-optional-catch-binding': [ '7.24.7' ],
51 silly audit   '@babel/plugin-transform-optional-chaining': [ '7.24.8' ],
51 silly audit   '@babel/plugin-transform-parameters': [ '7.24.7' ],
51 silly audit   '@babel/plugin-transform-private-methods': [ '7.24.7' ],
51 silly audit   '@babel/plugin-transform-private-property-in-object': [ '7.24.7' ],
51 silly audit   '@babel/plugin-transform-property-literals': [ '7.24.7' ],
51 silly audit   '@babel/plugin-transform-react-constant-elements': [ '7.25.1' ],
51 silly audit   '@babel/plugin-transform-react-display-name': [ '7.24.7' ],
51 silly audit   '@babel/plugin-transform-react-jsx': [ '7.25.2' ],
51 silly audit   '@babel/plugin-transform-react-jsx-development': [ '7.24.7' ],
51 silly audit   '@babel/plugin-transform-react-pure-annotations': [ '7.24.7' ],
51 silly audit   '@babel/plugin-transform-regenerator': [ '7.24.7' ],
51 silly audit   '@babel/plugin-transform-reserved-words': [ '7.24.7' ],
51 silly audit   '@babel/plugin-transform-runtime': [ '7.24.7' ],
51 silly audit   '@babel/plugin-transform-shorthand-properties': [ '7.24.7' ],
51 silly audit   '@babel/plugin-transform-spread': [ '7.24.7' ],
51 silly audit   '@babel/plugin-transform-sticky-regex': [ '7.24.7' ],
51 silly audit   '@babel/plugin-transform-template-literals': [ '7.24.7' ],
51 silly audit   '@babel/plugin-transform-typeof-symbol': [ '7.24.8' ],
51 silly audit   '@babel/plugin-transform-typescript': [ '7.25.2' ],
51 silly audit   '@babel/plugin-transform-unicode-escapes': [ '7.24.7' ],
51 silly audit   '@babel/plugin-transform-unicode-property-regex': [ '7.24.7' ],
51 silly audit   '@babel/plugin-transform-unicode-regex': [ '7.24.7' ],
51 silly audit   '@babel/plugin-transform-unicode-sets-regex': [ '7.24.7' ],
51 silly audit   '@babel/preset-env': [ '7.25.3' ],
51 silly audit   '@babel/preset-modules': [ '0.1.6-no-external-plugins' ],
51 silly audit   '@babel/preset-react': [ '7.24.7' ],
51 silly audit   '@babel/preset-typescript': [ '7.24.7' ],
51 silly audit   '@babel/regjsgen': [ '0.8.0' ],
51 silly audit   '@babel/runtime': [ '7.25.0' ],
51 silly audit   '@babel/runtime-corejs3': [ '7.25.0' ],
51 silly audit   '@babel/template': [ '7.25.0' ],
51 silly audit   '@babel/traverse': [ '7.25.3' ],
51 silly audit   '@babel/types': [ '7.25.2' ],
51 silly audit   '@colors/colors': [ '1.5.0' ],
51 silly audit   '@discoveryjs/json-ext': [ '0.5.7' ],
51 silly audit   '@docsearch/css': [ '3.6.1' ],
51 silly audit   '@docsearch/react': [ '3.6.1' ],
51 silly audit   '@docusaurus/core': [ '3.4.0' ],
51 silly audit   '@docusaurus/cssnano-preset': [ '3.4.0' ],
51 silly audit   '@docusaurus/logger': [ '3.4.0' ],
51 silly audit   '@docusaurus/mdx-loader': [ '3.4.0' ],
51 silly audit   '@docusaurus/module-type-aliases': [ '3.4.0' ],
51 silly audit   '@docusaurus/plugin-content-blog': [ '3.4.0' ],
51 silly audit   '@docusaurus/plugin-content-docs': [ '3.4.0' ],
51 silly audit   '@docusaurus/plugin-content-pages': [ '3.4.0' ],
51 silly audit   '@docusaurus/plugin-debug': [ '3.4.0' ],
51 silly audit   '@docusaurus/plugin-google-analytics': [ '3.4.0' ],
51 silly audit   '@docusaurus/plugin-google-gtag': [ '3.4.0' ],
51 silly audit   '@docusaurus/plugin-google-tag-manager': [ '3.4.0' ],
51 silly audit   '@docusaurus/plugin-sitemap': [ '3.4.0' ],
51 silly audit   '@docusaurus/preset-classic': [ '3.4.0' ],
51 silly audit   '@docusaurus/theme-classic': [ '3.4.0' ],
51 silly audit   '@docusaurus/theme-common': [ '3.4.0' ],
51 silly audit   '@docusaurus/theme-search-algolia': [ '3.4.0' ],
51 silly audit   '@docusaurus/theme-translations': [ '3.4.0' ],
51 silly audit   '@docusaurus/types': [ '3.4.0' ],
51 silly audit   '@docusaurus/utils': [ '3.4.0' ],
51 silly audit   '@docusaurus/utils-common': [ '3.4.0' ],
51 silly audit   '@docusaurus/utils-validation': [ '3.4.0' ],
51 silly audit   '@hapi/hoek': [ '9.3.0' ],
51 silly audit   '@hapi/topo': [ '5.1.0' ],
51 silly audit   '@jest/schemas': [ '29.6.3' ],
51 silly audit   '@jest/types': [ '29.6.3' ],
51 silly audit   '@jridgewell/gen-mapping': [ '0.3.5' ],
51 silly audit   '@jridgewell/resolve-uri': [ '3.1.2' ],
51 silly audit   '@jridgewell/set-array': [ '1.2.1' ],
51 silly audit   '@jridgewell/source-map': [ '0.3.6' ],
51 silly audit   '@jridgewell/sourcemap-codec': [ '1.5.0' ],
51 silly audit   '@jridgewell/trace-mapping': [ '0.3.25' ],
51 silly audit   '@leichtgewicht/ip-codec': [ '2.0.5' ],
51 silly audit   '@mdx-js/mdx': [ '3.0.1' ],
51 silly audit   '@mdx-js/react': [ '3.0.1' ],
51 silly audit   '@nodelib/fs.scandir': [ '2.1.5' ],
51 silly audit   '@nodelib/fs.stat': [ '2.0.5' ],
51 silly audit   '@nodelib/fs.walk': [ '1.2.8' ],
51 silly audit   '@pnpm/config.env-replace': [ '1.1.0' ],
51 silly audit   '@pnpm/network.ca-file': [ '1.0.2' ],
51 silly audit   'graceful-fs': [ '4.2.10', '4.2.11' ],
51 silly audit   '@pnpm/npm-conf': [ '2.3.0' ],
51 silly audit   '@polka/url': [ '1.0.0-next.25' ],
51 silly audit   '@sideway/address': [ '4.1.5' ],
51 silly audit   '@sideway/formula': [ '3.0.1' ],
51 silly audit   '@sideway/pinpoint': [ '2.0.0' ],
51 silly audit   '@sinclair/typebox': [ '0.27.8' ],
51 silly audit   '@sindresorhus/is': [ '4.6.0', '5.6.0' ],
51 silly audit   '@slorber/remark-comment': [ '1.0.0' ],
51 silly audit   '@svgr/babel-plugin-add-jsx-attribute': [ '8.0.0' ],
51 silly audit   '@svgr/babel-plugin-remove-jsx-attribute': [ '8.0.0' ],
51 silly audit   '@svgr/babel-plugin-remove-jsx-empty-expression': [ '8.0.0' ],
51 silly audit   '@svgr/babel-plugin-replace-jsx-attribute-value': [ '8.0.0' ],
51 silly audit   '@svgr/babel-plugin-svg-dynamic-title': [ '8.0.0' ],
51 silly audit   '@svgr/babel-plugin-svg-em-dimensions': [ '8.0.0' ],
51 silly audit   '@svgr/babel-plugin-transform-react-native-svg': [ '8.1.0' ],
51 silly audit   '@svgr/babel-plugin-transform-svg-component': [ '8.0.0' ],
51 silly audit   '@svgr/babel-preset': [ '8.1.0' ],
51 silly audit   '@svgr/core': [ '8.1.0' ],
51 silly audit   '@svgr/hast-util-to-babel-ast': [ '8.0.0' ],
51 silly audit   '@svgr/plugin-jsx': [ '8.1.0' ],
51 silly audit   '@svgr/plugin-svgo': [ '8.1.0' ],
51 silly audit   '@svgr/webpack': [ '8.1.0' ],
51 silly audit   '@szmarczak/http-timer': [ '5.0.1' ],
51 silly audit   '@trysound/sax': [ '0.2.0' ],
51 silly audit   '@types/acorn': [ '4.0.6' ],
51 silly audit   '@types/body-parser': [ '1.19.5' ],
51 silly audit   '@types/bonjour': [ '3.5.13' ],
51 silly audit   '@types/connect': [ '3.4.38' ],
51 silly audit   '@types/connect-history-api-fallback': [ '1.5.4' ],
51 silly audit   '@types/debug': [ '4.1.12' ],
51 silly audit   '@types/eslint': [ '9.6.0' ],
51 silly audit   '@types/eslint-scope': [ '3.7.7' ],
51 silly audit   '@types/estree': [ '1.0.5' ],
51 silly audit   '@types/estree-jsx': [ '1.0.5' ],
51 silly audit   '@types/express': [ '4.17.21' ],
51 silly audit   '@types/express-serve-static-core': [ '4.19.5' ],
51 silly audit   '@types/gtag.js': [ '0.0.12' ],
51 silly audit   '@types/hast': [ '3.0.4' ],
51 silly audit   '@types/history': [ '4.7.11' ],
51 silly audit   '@types/html-minifier-terser': [ '6.1.0' ],
51 silly audit   '@types/http-cache-semantics': [ '4.0.4' ],
51 silly audit   '@types/http-errors': [ '2.0.4' ],
51 silly audit   '@types/http-proxy': [ '1.17.14' ],
51 silly audit   '@types/istanbul-lib-coverage': [ '2.0.6' ],
51 silly audit   '@types/istanbul-lib-report': [ '3.0.3' ],
51 silly audit   '@types/istanbul-reports': [ '3.0.4' ],
51 silly audit   '@types/json-schema': [ '7.0.15' ],
51 silly audit   '@types/mdast': [ '4.0.4' ],
51 silly audit   '@types/mdx': [ '2.0.13' ],
51 silly audit   '@types/mime': [ '1.3.5' ],
51 silly audit   '@types/ms': [ '0.7.34' ],
51 silly audit   '@types/node': [ '22.1.0', '17.0.45' ],
51 silly audit   '@types/node-forge': [ '1.3.11' ],
51 silly audit   '@types/parse-json': [ '4.0.2' ],
51 silly audit   '@types/prismjs': [ '1.26.4' ],
51 silly audit   '@types/prop-types': [ '15.7.12' ],
51 silly audit   '@types/qs': [ '6.9.15' ],
51 silly audit   '@types/range-parser': [ '1.2.7' ],
51 silly audit   '@types/react': [ '18.3.3' ],
51 silly audit   '@types/react-router': [ '5.1.20' ],
51 silly audit   '@types/react-router-config': [ '5.0.11' ],
51 silly audit   '@types/react-router-dom': [ '5.3.3' ],
51 silly audit   '@types/retry': [ '0.12.0' ],
51 silly audit   '@types/sax': [ '1.2.7' ],
51 silly audit   '@types/send': [ '0.17.4' ],
51 silly audit   '@types/serve-index': [ '1.9.4' ],
51 silly audit   '@types/serve-static': [ '1.15.7' ],
51 silly audit   '@types/sockjs': [ '0.3.36' ],
51 silly audit   '@types/unist': [ '3.0.2', '2.0.10' ],
51 silly audit   '@types/ws': [ '8.5.12' ],
51 silly audit   '@types/yargs': [ '17.0.32' ],
51 silly audit   '@types/yargs-parser': [ '21.0.3' ],
51 silly audit   '@ungap/structured-clone': [ '1.2.0' ],
51 silly audit   '@webassemblyjs/ast': [ '1.12.1' ],
51 silly audit   '@webassemblyjs/floating-point-hex-parser': [ '1.11.6' ],
51 silly audit   '@webassemblyjs/helper-api-error': [ '1.11.6' ],
51 silly audit   '@webassemblyjs/helper-buffer': [ '1.12.1' ],
51 silly audit   '@webassemblyjs/helper-numbers': [ '1.11.6' ],
51 silly audit   '@webassemblyjs/helper-wasm-bytecode': [ '1.11.6' ],
51 silly audit   '@webassemblyjs/helper-wasm-section': [ '1.12.1' ],
51 silly audit   '@webassemblyjs/ieee754': [ '1.11.6' ],
51 silly audit   '@webassemblyjs/leb128': [ '1.11.6' ],
51 silly audit   '@webassemblyjs/utf8': [ '1.11.6' ],
51 silly audit   '@webassemblyjs/wasm-edit': [ '1.12.1' ],
51 silly audit   '@webassemblyjs/wasm-gen': [ '1.12.1' ],
51 silly audit   '@webassemblyjs/wasm-opt': [ '1.12.1' ],
51 silly audit   '@webassemblyjs/wasm-parser': [ '1.12.1' ],
51 silly audit   '@webassemblyjs/wast-printer': [ '1.12.1' ],
51 silly audit   '@xtuc/ieee754': [ '1.2.0' ],
51 silly audit   '@xtuc/long': [ '4.2.2' ],
51 silly audit   accepts: [ '1.3.8' ],
51 silly audit   'mime-db': [ '1.52.0', '1.53.0', '1.33.0' ],
51 silly audit   'mime-types': [ '2.1.35', '2.1.18' ],
51 silly audit   acorn: [ '8.12.1' ],
51 silly audit   'acorn-import-attributes': [ '1.9.5' ],
51 silly audit   'acorn-jsx': [ '5.3.2' ],
51 silly audit   'acorn-walk': [ '8.3.3' ],
51 silly audit   address: [ '1.2.2' ],
51 silly audit   'aggregate-error': [ '3.1.0' ],
51 silly audit   ajv: [ '8.17.1', '6.12.6' ],
51 silly audit   'ajv-formats': [ '2.1.1' ],
51 silly audit   'ajv-keywords': [ '5.1.0', '3.5.2' ],
51 silly audit   algoliasearch: [ '4.24.0' ],
51 silly audit   'algoliasearch-helper': [ '3.22.3' ],
51 silly audit   'ansi-align': [ '3.0.1' ],
51 silly audit   'emoji-regex': [ '8.0.0', '9.2.2' ],
51 silly audit   'string-width': [ '4.2.3', '5.1.2' ],
51 silly audit   'ansi-html-community': [ '0.0.8' ],
51 silly audit   'ansi-regex': [ '5.0.1', '6.0.1' ],
51 silly audit   anymatch: [ '3.1.3' ],
51 silly audit   arg: [ '5.0.2' ],
51 silly audit   argparse: [ '2.0.1', '1.0.10' ],
51 silly audit   'array-flatten': [ '1.1.1' ],
51 silly audit   'array-union': [ '2.1.0' ],
51 silly audit   astring: [ '1.8.6' ],
51 silly audit   'at-least-node': [ '1.0.0' ],
51 silly audit   autoprefixer: [ '10.4.20' ],
51 silly audit   'babel-loader': [ '9.1.3' ],
51 silly audit   'babel-plugin-dynamic-import-node': [ '2.3.3' ],
51 silly audit   'babel-plugin-polyfill-corejs2': [ '0.4.11' ],
51 silly audit   'babel-plugin-polyfill-corejs3': [ '0.10.4' ],
51 silly audit   'babel-plugin-polyfill-regenerator': [ '0.6.2' ],
51 silly audit   bail: [ '2.0.2' ],
51 silly audit   'balanced-match': [ '1.0.2' ],
51 silly audit   batch: [ '0.6.1' ],
51 silly audit   'big.js': [ '5.2.2' ],
51 silly audit   'binary-extensions': [ '2.3.0' ],
51 silly audit   'body-parser': [ '1.20.2' ],
51 silly audit   bytes: [ '3.1.2', '3.0.0' ],
51 silly audit   debug: [ '2.6.9', '4.3.6' ],
51 silly audit   ms: [ '2.0.0', '2.1.2', '2.1.3' ],
51 silly audit   'bonjour-service': [ '1.2.1' ],
51 silly audit   boolbase: [ '1.0.0' ],
51 silly audit   boxen: [ '6.2.1', '7.1.1' ],
51 silly audit   'brace-expansion': [ '1.1.11' ],
51 silly audit   braces: [ '3.0.3' ],
51 silly audit   browserslist: [ '4.23.3' ],
51 silly audit   'buffer-from': [ '1.1.2' ],
51 silly audit   'cacheable-lookup': [ '7.0.0' ],
51 silly audit   'cacheable-request': [ '10.2.14' ],
51 silly audit   'call-bind': [ '1.0.7' ],
51 silly audit   callsites: [ '3.1.0' ],
51 silly audit   'camel-case': [ '4.1.2' ],
51 silly audit   camelcase: [ '6.3.0', '7.0.1' ],
51 silly audit   'caniuse-api': [ '3.0.0' ],
51 silly audit   'caniuse-lite': [ '1.0.30001647' ],
51 silly audit   ccount: [ '2.0.1' ],
51 silly audit   'char-regex': [ '1.0.2' ],
51 silly audit   'character-entities': [ '2.0.2' ],
51 silly audit   'character-entities-html4': [ '2.1.0' ],
51 silly audit   'character-entities-legacy': [ '3.0.0' ],
51 silly audit   'character-reference-invalid': [ '2.0.1' ],
51 silly audit   cheerio: [ '1.0.0-rc.12' ],
51 silly audit   'cheerio-select': [ '2.1.0' ],
51 silly audit   chokidar: [ '3.6.0' ],
51 silly audit   'chrome-trace-event': [ '1.0.4' ],
51 silly audit   'ci-info': [ '3.9.0' ],
51 silly audit   'clean-css': [ '5.3.3' ],
51 silly audit   'source-map': [ '0.6.1', '0.7.4' ],
51 silly audit   'clean-stack': [ '2.2.0' ],
51 silly audit   'cli-boxes': [ '3.0.0' ],
51 silly audit   'cli-table3': [ '0.6.5' ],
51 silly audit   'clone-deep': [ '4.0.1' ],
51 silly audit   clsx: [ '2.1.1' ],
51 silly audit   'collapse-white-space': [ '2.1.0' ],
51 silly audit   colord: [ '2.9.3' ],
51 silly audit   colorette: [ '2.0.20' ],
51 silly audit   'combine-promises': [ '1.2.0' ],
51 silly audit   'comma-separated-tokens': [ '2.0.3' ],
51 silly audit   commander: [ '5.1.0', '10.0.1', '8.3.0', '7.2.0', '2.20.3' ],
51 silly audit   'common-path-prefix': [ '3.0.0' ],
51 silly audit   compressible: [ '2.0.18' ],
51 silly audit   compression: [ '1.7.4' ],
51 silly audit   'safe-buffer': [ '5.1.2', '5.2.1' ],
51 silly audit   'concat-map': [ '0.0.1' ],
51 silly audit   'config-chain': [ '1.1.13' ],
51 silly audit   configstore: [ '6.0.0' ],
51 silly audit   'connect-history-api-fallback': [ '2.0.0' ],
51 silly audit   consola: [ '2.15.3' ],
51 silly audit   'content-disposition': [ '0.5.2', '0.5.4' ],
51 silly audit   'content-type': [ '1.0.5' ],
51 silly audit   'convert-source-map': [ '2.0.0' ],
51 silly audit   cookie: [ '0.6.0' ],
51 silly audit   'cookie-signature': [ '1.0.6' ],
51 silly audit   'copy-text-to-clipboard': [ '3.2.0' ],
51 silly audit   'copy-webpack-plugin': [ '11.0.0' ],
51 silly audit   'glob-parent': [ '6.0.2', '5.1.2' ],
51 silly audit   globby: [ '13.2.2', '11.1.0' ],
51 silly audit   slash: [ '4.0.0', '3.0.0' ],
51 silly audit   'core-js': [ '3.37.1' ],
51 silly audit   'core-js-compat': [ '3.37.1' ],
51 silly audit   'core-js-pure': [ '3.37.1' ],
51 silly audit   'core-util-is': [ '1.0.3' ],
51 silly audit   cosmiconfig: [ '8.3.6', '6.0.0' ],
51 silly audit   'cross-spawn': [ '7.0.3' ],
51 silly audit   'crypto-random-string': [ '4.0.0' ],
51 silly audit   'type-fest': [ '1.4.0', '2.19.0' ],
51 silly audit   'css-declaration-sorter': [ '7.2.0' ],
51 silly audit   'css-loader': [ '6.11.0' ],
51 silly audit   'css-minimizer-webpack-plugin': [ '5.0.1' ],
51 silly audit   'css-select': [ '5.1.0', '4.3.0' ],
51 silly audit   'css-tree': [ '2.3.1', '2.2.1' ],
51 silly audit   'css-what': [ '6.1.0' ],
51 silly audit   cssesc: [ '3.0.0' ],
51 silly audit   cssnano: [ '6.1.2' ],
51 silly audit   'cssnano-preset-advanced': [ '6.1.2' ],
51 silly audit   'cssnano-preset-default': [ '6.1.2' ],
51 silly audit   'cssnano-utils': [ '4.0.2' ],
51 silly audit   csso: [ '5.0.5' ],
51 silly audit   'mdn-data': [ '2.0.28', '2.0.30' ],
51 silly audit   csstype: [ '3.1.3' ],
51 silly audit   debounce: [ '1.2.1' ],
51 silly audit   'decode-named-character-reference': [ '1.0.2' ],
51 silly audit   'decompress-response': [ '6.0.0' ],
51 silly audit   'mimic-response': [ '3.1.0', '4.0.0' ],
51 silly audit   'deep-extend': [ '0.6.0' ],
51 silly audit   deepmerge: [ '4.3.1' ],
51 silly audit   'default-gateway': [ '6.0.3' ],
51 silly audit   'defer-to-connect': [ '2.0.1' ],
51 silly audit   'define-data-property': [ '1.1.4' ],
51 silly audit   'define-lazy-prop': [ '2.0.0' ],
51 silly audit   'define-properties': [ '1.2.1' ],
51 silly audit   del: [ '6.1.1' ],
51 silly audit   depd: [ '2.0.0', '1.1.2' ],
51 silly audit   dequal: [ '2.0.3' ],
51 silly audit   destroy: [ '1.2.0' ],
51 silly audit   'detect-node': [ '2.1.0' ],
51 silly audit   'detect-port': [ '1.6.1' ],
51 silly audit   'detect-port-alt': [ '1.1.6' ],
51 silly audit   devlop: [ '1.1.0' ],
51 silly audit   'dir-glob': [ '3.0.1' ],
51 silly audit   'dns-packet': [ '5.6.1' ],
51 silly audit   'dom-converter': [ '0.2.0' ],
51 silly audit   'dom-serializer': [ '2.0.0', '1.4.1' ],
51 silly audit   domelementtype: [ '2.3.0' ],
51 silly audit   domhandler: [ '5.0.3', '4.3.1' ],
51 silly audit   domutils: [ '3.1.0', '2.8.0' ],
51 silly audit   'dot-case': [ '3.0.4' ],
51 silly audit   'dot-prop': [ '6.0.1' ],
51 silly audit   'is-obj': [ '2.0.0', '1.0.1' ],
51 silly audit   duplexer: [ '0.1.2' ],
51 silly audit   eastasianwidth: [ '0.2.0' ],
51 silly audit   'ee-first': [ '1.1.1' ],
51 silly audit   'electron-to-chromium': [ '1.5.4' ],
51 silly audit   emojilib: [ '2.4.0' ],
51 silly audit   'emojis-list': [ '3.0.0' ],
51 silly audit   emoticon: [ '4.0.1' ],
51 silly audit   encodeurl: [ '1.0.2' ],
51 silly audit   'enhanced-resolve': [ '5.17.1' ],
51 silly audit   entities: [ '4.5.0', '2.2.0' ],
51 silly audit   'error-ex': [ '1.3.2' ],
51 silly audit   'es-define-property': [ '1.0.0' ],
51 silly audit   'es-errors': [ '1.3.0' ],
51 silly audit   'es-module-lexer': [ '1.5.4' ],
51 silly audit   escalade: [ '3.1.2' ],
51 silly audit   'escape-goat': [ '4.0.0' ],
51 silly audit   'escape-html': [ '1.0.3' ],
51 silly audit   'eslint-scope': [ '5.1.1' ],
51 silly audit   esprima: [ '4.0.1' ],
51 silly audit   esrecurse: [ '4.3.0' ],
51 silly audit   estraverse: [ '5.3.0', '4.3.0' ],
51 silly audit   'estree-util-attach-comments': [ '3.0.0' ],
51 silly audit   'estree-util-build-jsx': [ '3.0.1' ],
51 silly audit   'estree-util-is-identifier-name': [ '3.0.0' ],
51 silly audit   'estree-util-to-js': [ '2.0.0' ],
51 silly audit   'estree-util-value-to-estree': [ '3.1.2' ],
51 silly audit   'estree-util-visit': [ '2.0.0' ],
51 silly audit   'estree-walker': [ '3.0.3' ],
51 silly audit   esutils: [ '2.0.3' ],
51 silly audit   eta: [ '2.2.0' ],
51 silly audit   etag: [ '1.8.1' ],
51 silly audit   eval: [ '0.1.8' ],
51 silly audit   eventemitter3: [ '4.0.7' ],
51 silly audit   events: [ '3.3.0' ],
51 silly audit   execa: [ '5.1.1' ],
51 silly audit   express: [ '4.19.2' ],
51 silly audit   'path-to-regexp': [ '0.1.7', '1.8.0', '2.2.1' ],
51 silly audit   'range-parser': [ '1.2.1', '1.2.0' ],
51 silly audit   extend: [ '3.0.2' ],
51 silly audit   'extend-shallow': [ '2.0.1' ],
51 silly audit   'fast-deep-equal': [ '3.1.3' ],
51 silly audit   'fast-glob': [ '3.3.2' ],
51 silly audit   'fast-json-stable-stringify': [ '2.1.0' ],
51 silly audit   'fast-uri': [ '3.0.1' ],
51 silly audit   'fast-url-parser': [ '1.1.3' ],
51 silly audit   fastq: [ '1.17.1' ],
51 silly audit   fault: [ '2.0.1' ],
51 silly audit   'faye-websocket': [ '0.11.4' ],
51 silly audit   feed: [ '4.2.2' ],
51 silly audit   'file-loader': [ '6.2.0' ],
51 silly audit   'json-schema-traverse': [ '0.4.1', '1.0.0' ],
51 silly audit   'schema-utils': [ '3.3.0', '2.7.0', '4.2.0' ],
51 silly audit   filesize: [ '8.0.7' ],
51 silly audit   'fill-range': [ '7.1.1' ],
51 silly audit   finalhandler: [ '1.2.0' ],
51 silly audit   'find-cache-dir': [ '4.0.0' ],
51 silly audit   'find-up': [ '6.3.0', '3.0.0', '5.0.0' ],
51 silly audit   flat: [ '5.0.2' ],
51 silly audit   'follow-redirects': [ '1.15.6' ],
51 silly audit   'fork-ts-checker-webpack-plugin': [ '6.5.3' ],
51 silly audit   'fs-extra': [ '9.1.0', '11.2.0' ],
51 silly audit   tapable: [ '1.1.3', '2.2.1' ],
51 silly audit   'form-data-encoder': [ '2.1.4' ],
51 silly audit   format: [ '0.2.2' ],
51 silly audit   forwarded: [ '0.2.0' ],
51 silly audit   'fraction.js': [ '4.3.7' ],
51 silly audit   fresh: [ '0.5.2' ],
51 silly audit   'fs-monkey': [ '1.0.6' ],
51 silly audit   'fs.realpath': [ '1.0.0' ],
51 silly audit   fsevents: [ '2.3.3' ],
51 silly audit   'function-bind': [ '1.1.2' ],
51 silly audit   gensync: [ '1.0.0-beta.2' ],
51 silly audit   'get-intrinsic': [ '1.2.4' ],
51 silly audit   'get-own-enumerable-property-symbols': [ '3.0.2' ],
51 silly audit   'get-stream': [ '6.0.1' ],
51 silly audit   'github-slugger': [ '1.5.0' ],
51 silly audit   glob: [ '7.2.3' ],
51 silly audit   'glob-to-regexp': [ '0.4.1' ],
51 silly audit   'global-dirs': [ '3.0.1' ],
51 silly audit   ini: [ '2.0.0', '1.3.8' ],
51 silly audit   'global-modules': [ '2.0.0' ],
51 silly audit   'global-prefix': [ '3.0.0' ],
51 silly audit   which: [ '1.3.1', '2.0.2' ],
51 silly audit   globals: [ '11.12.0' ],
51 silly audit   gopd: [ '1.0.1' ],
51 silly audit   got: [ '12.6.1' ],
51 silly audit   'gray-matter': [ '4.0.3' ],
51 silly audit   'js-yaml': [ '3.14.1', '4.1.0' ],
51 silly audit   'gzip-size': [ '6.0.0' ],
51 silly audit   'handle-thing': [ '2.0.1' ],
51 silly audit   'has-property-descriptors': [ '1.0.2' ],
51 silly audit   'has-proto': [ '1.0.3' ],
51 silly audit   'has-symbols': [ '1.0.3' ],
51 silly audit   'has-yarn': [ '3.0.0' ],
51 silly audit   hasown: [ '2.0.2' ],
51 silly audit   'hast-util-from-parse5': [ '8.0.1' ],
51 silly audit   'hast-util-parse-selector': [ '4.0.0' ],
51 silly audit   'hast-util-raw': [ '9.0.4' ],
51 silly audit   'hast-util-to-estree': [ '3.1.0' ],
51 silly audit   'hast-util-to-jsx-runtime': [ '2.3.0' ],
51 silly audit   'inline-style-parser': [ '0.2.3', '0.1.1' ],
51 silly audit   'style-to-object': [ '1.0.6', '0.4.4' ],
51 silly audit   'hast-util-to-parse5': [ '8.0.0' ],
51 silly audit   'hast-util-whitespace': [ '3.0.0' ],
51 silly audit   hastscript: [ '8.0.0' ],
51 silly audit   he: [ '1.2.0' ],
51 silly audit   history: [ '4.10.1' ],
51 silly audit   'hoist-non-react-statics': [ '3.3.2' ],
51 silly audit   'hpack.js': [ '2.1.6' ],
51 silly audit   isarray: [ '1.0.0', '0.0.1' ],
51 silly audit   'readable-stream': [ '2.3.8', '3.6.2' ],
51 silly audit   string_decoder: [ '1.1.1', '1.3.0' ],
51 silly audit   'html-entities': [ '2.5.2' ],
51 silly audit   'html-escaper': [ '2.0.2' ],
51 silly audit   'html-minifier-terser': [ '7.2.0', '6.1.0' ],
51 silly audit   'html-tags': [ '3.3.1' ],
51 silly audit   'html-void-elements': [ '3.0.0' ],
51 silly audit   'html-webpack-plugin': [ '5.6.0' ],
51 silly audit   htmlparser2: [ '8.0.2', '6.1.0' ],
51 silly audit   'http-cache-semantics': [ '4.1.1' ],
51 silly audit   'http-deceiver': [ '1.2.7' ],
51 silly audit   'http-errors': [ '2.0.0', '1.6.3' ],
51 silly audit   'http-parser-js': [ '0.5.8' ],
51 silly audit   'http-proxy': [ '1.18.1' ],
51 silly audit   'http-proxy-middleware': [ '2.0.6' ],
51 silly audit   'is-plain-obj': [ '3.0.0', '4.1.0' ],
51 silly audit   'http2-wrapper': [ '2.2.1' ],
51 silly audit   'human-signals': [ '2.1.0' ],
51 silly audit   'iconv-lite': [ '0.4.24' ],
51 silly audit   'icss-utils': [ '5.1.0' ],
51 silly audit   ignore: [ '5.3.1' ],
51 silly audit   'image-size': [ '1.1.1' ],
51 silly audit   immer: [ '9.0.21' ],
51 silly audit   'import-fresh': [ '3.3.0' ],
51 silly audit   'import-lazy': [ '4.0.0' ],
51 silly audit   imurmurhash: [ '0.1.4' ],
51 silly audit   'indent-string': [ '4.0.0' ],
51 silly audit   infima: [ '0.2.0-alpha.43' ],
51 silly audit   inflight: [ '1.0.6' ],
51 silly audit   inherits: [ '2.0.4', '2.0.3' ],
51 silly audit   interpret: [ '1.4.0' ],
51 silly audit   invariant: [ '2.2.4' ],
51 silly audit   'ipaddr.js': [ '2.2.0', '1.9.1' ],
51 silly audit   'is-alphabetical': [ '2.0.1' ],
51 silly audit   'is-alphanumerical': [ '2.0.1' ],
51 silly audit   'is-arrayish': [ '0.2.1' ],
51 silly audit   'is-binary-path': [ '2.1.0' ],
51 silly audit   'is-ci': [ '3.0.1' ],
51 silly audit   'is-core-module': [ '2.15.0' ],
51 silly audit   'is-decimal': [ '2.0.1' ],
51 silly audit   'is-docker': [ '2.2.1' ],
51 silly audit   'is-extendable': [ '0.1.1' ],
51 silly audit   'is-extglob': [ '2.1.1' ],
51 silly audit   'is-fullwidth-code-point': [ '3.0.0' ],
51 silly audit   'is-glob': [ '4.0.3' ],
51 silly audit   'is-hexadecimal': [ '2.0.1' ],
51 silly audit   'is-installed-globally': [ '0.4.0' ],
51 silly audit   'is-npm': [ '6.0.0' ],
51 silly audit   'is-number': [ '7.0.0' ],
51 silly audit   'is-path-cwd': [ '2.2.0' ],
51 silly audit   'is-path-inside': [ '3.0.3' ],
51 silly audit   'is-plain-object': [ '2.0.4' ],
51 silly audit   'is-reference': [ '3.0.2' ],
51 silly audit   'is-regexp': [ '1.0.0' ],
51 silly audit   'is-root': [ '2.1.0' ],
51 silly audit   'is-stream': [ '2.0.1' ],
51 silly audit   'is-typedarray': [ '1.0.0' ],
51 silly audit   'is-wsl': [ '2.2.0' ],
51 silly audit   'is-yarn-global': [ '0.4.1' ],
51 silly audit   isexe: [ '2.0.0' ],
51 silly audit   isobject: [ '3.0.1' ],
51 silly audit   'jest-util': [ '29.7.0' ],
51 silly audit   'jest-worker': [ '29.7.0', '27.5.1' ],
51 silly audit   jiti: [ '1.21.6' ],
51 silly audit   joi: [ '17.13.3' ],
51 silly audit   'js-tokens': [ '4.0.0' ],
51 silly audit   jsesc: [ '2.5.2', '0.5.0' ],
51 silly audit   'json-buffer': [ '3.0.1' ],
51 silly audit   'json-parse-even-better-errors': [ '2.3.1' ],
51 silly audit   json5: [ '2.2.3' ],
51 silly audit   jsonfile: [ '6.1.0' ],
51 silly audit   keyv: [ '4.5.4' ],
51 silly audit   'kind-of': [ '6.0.3' ],
51 silly audit   kleur: [ '3.0.3' ],
51 silly audit   'latest-version': [ '7.0.0' ],
51 silly audit   'launch-editor': [ '2.8.0' ],
51 silly audit   leven: [ '3.1.0' ],
51 silly audit   lilconfig: [ '3.1.2' ],
51 silly audit   'lines-and-columns': [ '1.2.4' ],
51 silly audit   'loader-runner': [ '4.3.0' ],
51 silly audit   'loader-utils': [ '2.0.4', '3.3.1' ],
51 silly audit   'locate-path': [ '7.2.0', '3.0.0', '6.0.0' ],
51 silly audit   lodash: [ '4.17.21' ],
51 silly audit   'lodash.debounce': [ '4.0.8' ],
51 silly audit   'lodash.memoize': [ '4.1.2' ],
51 silly audit   'lodash.uniq': [ '4.5.0' ],
51 silly audit   'longest-streak': [ '3.1.0' ],
51 silly audit   'loose-envify': [ '1.4.0' ],
51 silly audit   'lower-case': [ '2.0.2' ],
51 silly audit   'lowercase-keys': [ '3.0.0' ],
51 silly audit   'lru-cache': [ '5.1.1' ],
51 silly audit   'markdown-extensions': [ '2.0.0' ],
51 silly audit   'markdown-table': [ '3.0.3' ],
51 silly audit   'mdast-util-directive': [ '3.0.0' ],
51 silly audit   'mdast-util-find-and-replace': [ '3.0.1' ],
51 silly audit   'mdast-util-from-markdown': [ '2.0.1' ],
51 silly audit   'micromark-util-symbol': [ '2.0.0', '1.1.0' ],
51 silly audit   'mdast-util-frontmatter': [ '2.0.1' ],
51 silly audit   'mdast-util-gfm': [ '3.0.0' ],
51 silly audit   'mdast-util-gfm-autolink-literal': [ '2.0.0' ],
51 silly audit   'micromark-util-character': [ '2.1.0', '1.2.0' ],
51 silly audit   'mdast-util-gfm-footnote': [ '2.0.0' ],
51 silly audit   'mdast-util-gfm-strikethrough': [ '2.0.0' ],
51 silly audit   'mdast-util-gfm-table': [ '2.0.0' ],
51 silly audit   'mdast-util-gfm-task-list-item': [ '2.0.0' ],
51 silly audit   'mdast-util-mdx': [ '3.0.0' ],
51 silly audit   'mdast-util-mdx-expression': [ '2.0.0' ],
51 silly audit   'mdast-util-mdx-jsx': [ '3.1.2' ],
51 silly audit   'mdast-util-mdxjs-esm': [ '2.0.1' ],
51 silly audit   'mdast-util-phrasing': [ '4.1.0' ],
51 silly audit   'mdast-util-to-hast': [ '13.2.0' ],
51 silly audit   'mdast-util-to-markdown': [ '2.1.0' ],
51 silly audit   'mdast-util-to-string': [ '4.0.0' ],
51 silly audit   'media-typer': [ '0.3.0' ],
51 silly audit   memfs: [ '3.5.3' ],
51 silly audit   'merge-descriptors': [ '1.0.1' ],
51 silly audit   'merge-stream': [ '2.0.0' ],
51 silly audit   merge2: [ '1.4.1' ],
51 silly audit   methods: [ '1.1.2' ],
51 silly audit   micromark: [ '4.0.0' ],
51 silly audit   'micromark-core-commonmark': [ '2.0.1' ],
51 silly audit   'micromark-factory-space': [ '2.0.0', '1.1.0' ],
51 silly audit   'micromark-extension-directive': [ '3.0.1' ],
51 silly audit   'micromark-extension-frontmatter': [ '2.0.0' ],
51 silly audit   'micromark-extension-gfm': [ '3.0.0' ],
51 silly audit   'micromark-extension-gfm-autolink-literal': [ '2.1.0' ],
51 silly audit   'micromark-extension-gfm-footnote': [ '2.1.0' ],
51 silly audit   'micromark-extension-gfm-strikethrough': [ '2.1.0' ],
51 silly audit   'micromark-extension-gfm-table': [ '2.1.0' ],
51 silly audit   'micromark-extension-gfm-tagfilter': [ '2.0.0' ],
51 silly audit   'micromark-extension-gfm-task-list-item': [ '2.1.0' ],
51 silly audit   'micromark-extension-mdx-expression': [ '3.0.0' ],
51 silly audit   'micromark-extension-mdx-jsx': [ '3.0.0' ],
51 silly audit   'micromark-extension-mdx-md': [ '2.0.0' ],
51 silly audit   'micromark-extension-mdxjs': [ '3.0.0' ],
51 silly audit   'micromark-extension-mdxjs-esm': [ '3.0.0' ],
51 silly audit   'micromark-factory-destination': [ '2.0.0' ],
51 silly audit   'micromark-factory-label': [ '2.0.0' ],
51 silly audit   'micromark-factory-mdx-expression': [ '2.0.1' ],
51 silly audit   'micromark-util-types': [ '1.1.0', '2.0.0' ],
51 silly audit   'micromark-factory-title': [ '2.0.0' ],
51 silly audit   'micromark-factory-whitespace': [ '2.0.0' ],
51 silly audit   'micromark-util-chunked': [ '2.0.0' ],
51 silly audit   'micromark-util-classify-character': [ '2.0.0' ],
51 silly audit   'micromark-util-combine-extensions': [ '2.0.0' ],
51 silly audit   'micromark-util-decode-numeric-character-reference': [ '2.0.1' ],
51 silly audit   'micromark-util-decode-string': [ '2.0.0' ],
51 silly audit   'micromark-util-encode': [ '2.0.0' ],
51 silly audit   'micromark-util-events-to-acorn': [ '2.0.2' ],
51 silly audit   'micromark-util-html-tag-name': [ '2.0.0' ],
51 silly audit   'micromark-util-normalize-identifier': [ '2.0.0' ],
51 silly audit   'micromark-util-resolve-all': [ '2.0.0' ],
51 silly audit   'micromark-util-sanitize-uri': [ '2.0.0' ],
51 silly audit   'micromark-util-subtokenize': [ '2.0.1' ],
51 silly audit   micromatch: [ '4.0.7' ],
51 silly audit   mime: [ '1.6.0' ],
51 silly audit   'mimic-fn': [ '2.1.0' ],
51 silly audit   'mini-css-extract-plugin': [ '2.9.0' ],
51 silly audit   'minimalistic-assert': [ '1.0.1' ],
51 silly audit   minimatch: [ '3.1.2' ],
51 silly audit   minimist: [ '1.2.8' ],
51 silly audit   mrmime: [ '2.0.0' ],
51 silly audit   'multicast-dns': [ '7.2.5' ],
51 silly audit   nanoid: [ '3.3.7' ],
51 silly audit   negotiator: [ '0.6.3' ],
51 silly audit   'neo-async': [ '2.6.2' ],
51 silly audit   'no-case': [ '3.0.4' ],
51 silly audit   'node-emoji': [ '2.1.3' ],
51 silly audit   'node-forge': [ '1.3.1' ],
51 silly audit   'node-releases': [ '2.0.18' ],
51 silly audit   'normalize-path': [ '3.0.0' ],
51 silly audit   'normalize-range': [ '0.1.2' ],
51 silly audit   'normalize-url': [ '8.0.1' ],
51 silly audit   'npm-run-path': [ '4.0.1' ],
51 silly audit   nprogress: [ '0.2.0' ],
51 silly audit   'nth-check': [ '2.1.1' ],
51 silly audit   'object-assign': [ '4.1.1' ],
51 silly audit   'object-inspect': [ '1.13.2' ],
51 silly audit   'object-keys': [ '1.1.1' ],
51 silly audit   'object.assign': [ '4.1.5' ],
51 silly audit   obuf: [ '1.1.2' ],
51 silly audit   'on-finished': [ '2.4.1' ],
51 silly audit   'on-headers': [ '1.0.2' ],
51 silly audit   once: [ '1.4.0' ],
51 silly audit   onetime: [ '5.1.2' ],
51 silly audit   open: [ '8.4.2' ],
51 silly audit   opener: [ '1.5.2' ],
51 silly audit   'p-cancelable': [ '3.0.0' ],
51 silly audit   'p-limit': [ '4.0.0', '2.3.0', '3.1.0' ],
51 silly audit   'p-locate': [ '6.0.0', '3.0.0', '5.0.0' ],
51 silly audit   'p-map': [ '4.0.0' ],
51 silly audit   'p-retry': [ '4.6.2' ],
51 silly audit   'p-try': [ '2.2.0' ],
51 silly audit   'package-json': [ '8.1.1' ],
51 silly audit   'param-case': [ '3.0.4' ],
51 silly audit   'parent-module': [ '1.0.1' ],
51 silly audit   'parse-entities': [ '4.0.1' ],
51 silly audit   'parse-json': [ '5.2.0' ],
51 silly audit   'parse-numeric-range': [ '1.3.0' ],
51 silly audit   parse5: [ '7.1.2' ],
51 silly audit   'parse5-htmlparser2-tree-adapter': [ '7.0.0' ],
51 silly audit   parseurl: [ '1.3.3' ],
51 silly audit   'pascal-case': [ '3.1.2' ],
51 silly audit   'path-exists': [ '5.0.0', '3.0.0', '4.0.0' ],
51 silly audit   'path-is-absolute': [ '1.0.1' ],
51 silly audit   'path-is-inside': [ '1.0.2' ],
51 silly audit   'path-key': [ '3.1.1' ],
51 silly audit   'path-parse': [ '1.0.7' ],
51 silly audit   'path-type': [ '4.0.0' ],
51 silly audit   periscopic: [ '3.1.0' ],
51 silly audit   picocolors: [ '1.0.1' ],
51 silly audit   picomatch: [ '2.3.1' ],
51 silly audit   'pkg-dir': [ '7.0.0' ],
51 silly audit   'pkg-up': [ '3.1.0' ],
51 silly audit   postcss: [ '8.4.40' ],
51 silly audit   'postcss-calc': [ '9.0.1' ],
51 silly audit   'postcss-colormin': [ '6.1.0' ],
51 silly audit   'postcss-convert-values': [ '6.1.0' ],
51 silly audit   'postcss-discard-comments': [ '6.0.2' ],
51 silly audit   'postcss-discard-duplicates': [ '6.0.3' ],
51 silly audit   'postcss-discard-empty': [ '6.0.3' ],
51 silly audit   'postcss-discard-overridden': [ '6.0.2' ],
51 silly audit   'postcss-discard-unused': [ '6.0.5' ],
51 silly audit   'postcss-loader': [ '7.3.4' ],
51 silly audit   'postcss-merge-idents': [ '6.0.3' ],
51 silly audit   'postcss-merge-longhand': [ '6.0.5' ],
51 silly audit   'postcss-merge-rules': [ '6.1.1' ],
51 silly audit   'postcss-minify-font-values': [ '6.1.0' ],
51 silly audit   'postcss-minify-gradients': [ '6.0.3' ],
51 silly audit   'postcss-minify-params': [ '6.1.0' ],
51 silly audit   'postcss-minify-selectors': [ '6.0.4' ],
51 silly audit   'postcss-modules-extract-imports': [ '3.1.0' ],
51 silly audit   'postcss-modules-local-by-default': [ '4.0.5' ],
51 silly audit   'postcss-modules-scope': [ '3.2.0' ],
51 silly audit   'postcss-modules-values': [ '4.0.0' ],
51 silly audit   'postcss-normalize-charset': [ '6.0.2' ],
51 silly audit   'postcss-normalize-display-values': [ '6.0.2' ],
51 silly audit   'postcss-normalize-positions': [ '6.0.2' ],
51 silly audit   'postcss-normalize-repeat-style': [ '6.0.2' ],
51 silly audit   'postcss-normalize-string': [ '6.0.2' ],
51 silly audit   'postcss-normalize-timing-functions': [ '6.0.2' ],
51 silly audit   'postcss-normalize-unicode': [ '6.1.0' ],
51 silly audit   'postcss-normalize-url': [ '6.0.2' ],
51 silly audit   'postcss-normalize-whitespace': [ '6.0.2' ],
51 silly audit   'postcss-ordered-values': [ '6.0.2' ],
51 silly audit   'postcss-reduce-idents': [ '6.0.3' ],
51 silly audit   'postcss-reduce-initial': [ '6.1.0' ],
51 silly audit   'postcss-reduce-transforms': [ '6.0.2' ],
51 silly audit   'postcss-selector-parser': [ '6.1.1' ],
51 silly audit   'postcss-sort-media-queries': [ '5.2.0' ],
51 silly audit   'postcss-svgo': [ '6.0.3' ],
51 silly audit   'postcss-unique-selectors': [ '6.0.4' ],
51 silly audit   'postcss-value-parser': [ '4.2.0' ],
51 silly audit   'postcss-zindex': [ '6.0.2' ],
51 silly audit   'pretty-error': [ '4.0.0' ],
51 silly audit   'pretty-time': [ '1.1.0' ],
51 silly audit   'prism-react-renderer': [ '2.3.1' ],
51 silly audit   prismjs: [ '1.29.0' ],
51 silly audit   'process-nextick-args': [ '2.0.1' ],
51 silly audit   prompts: [ '2.4.2' ],
51 silly audit   'prop-types': [ '15.8.1' ],
51 silly audit   'property-information': [ '6.5.0' ],
51 silly audit   'proto-list': [ '1.2.4' ],
51 silly audit   'proxy-addr': [ '2.0.7' ],
51 silly audit   punycode: [ '1.4.1', '2.3.1' ],
51 silly audit   pupa: [ '3.1.0' ],
51 silly audit   qs: [ '6.11.0' ],
51 silly audit   queue: [ '6.0.2' ],
51 silly audit   'queue-microtask': [ '1.2.3' ],
51 silly audit   'quick-lru': [ '5.1.1' ],
51 silly audit   randombytes: [ '2.1.0' ],
51 silly audit   'raw-body': [ '2.5.2' ],
51 silly audit   rc: [ '1.2.8' ],
51 silly audit   'strip-json-comments': [ '2.0.1', '3.1.1' ],
51 silly audit   react: [ '18.3.1' ],
51 silly audit   'react-dev-utils': [ '12.0.1' ],
51 silly audit   'yocto-queue': [ '0.1.0', '1.1.1' ],
51 silly audit   'react-dom': [ '18.3.1' ],
51 silly audit   'react-error-overlay': [ '6.0.11' ],
51 silly audit   'react-fast-compare': [ '3.2.2' ],
51 silly audit   'react-helmet-async': [ '1.3.0' ],
51 silly audit   'react-is': [ '16.13.1' ],
51 silly audit   'react-json-view-lite': [ '1.4.0' ],
51 silly audit   '@docusaurus/react-loadable': [ '6.0.0' ],
51 silly audit   'react-loadable-ssr-addon-v5-slorber': [ '1.0.1' ],
51 silly audit   'react-router': [ '5.3.4' ],
51 silly audit   'react-router-config': [ '5.1.1' ],
51 silly audit   'react-router-dom': [ '5.3.4' ],
51 silly audit   readdirp: [ '3.6.0' ],
51 silly audit   'reading-time': [ '1.5.0' ],
51 silly audit   rechoir: [ '0.6.2' ],
51 silly audit   'recursive-readdir': [ '2.2.3' ],
51 silly audit   regenerate: [ '1.4.2' ],
51 silly audit   'regenerate-unicode-properties': [ '10.1.1' ],
51 silly audit   'regenerator-runtime': [ '0.14.1' ],
51 silly audit   'regenerator-transform': [ '0.15.2' ],
51 silly audit   'regexpu-core': [ '5.3.2' ],
51 silly audit   'registry-auth-token': [ '5.0.2' ],
51 silly audit   'registry-url': [ '6.0.1' ],
51 silly audit   regjsparser: [ '0.9.1' ],
51 silly audit   'rehype-raw': [ '7.0.0' ],
51 silly audit   relateurl: [ '0.2.7' ],
51 silly audit   'remark-directive': [ '3.0.0' ],
51 silly audit   'remark-emoji': [ '4.0.1' ],
51 silly audit   'remark-frontmatter': [ '5.0.0' ],
51 silly audit   'remark-gfm': [ '4.0.0' ],
51 silly audit   'remark-mdx': [ '3.0.1' ],
51 silly audit   'remark-parse': [ '11.0.0' ],
51 silly audit   'remark-rehype': [ '11.1.0' ],
51 silly audit   'remark-stringify': [ '11.0.0' ],
51 silly audit   renderkid: [ '3.0.0' ],
51 silly audit   'require-from-string': [ '2.0.2' ],
51 silly audit   'require-like': [ '0.1.2' ],
51 silly audit   'requires-port': [ '1.0.0' ],
51 silly audit   resolve: [ '1.22.8' ],
51 silly audit   'resolve-alpn': [ '1.2.1' ],
51 silly audit   'resolve-from': [ '4.0.0' ],
51 silly audit   'resolve-pathname': [ '3.0.0' ],
51 silly audit   responselike: [ '3.0.0' ],
51 silly audit   retry: [ '0.13.1' ],
51 silly audit   reusify: [ '1.0.4' ],
51 silly audit   rimraf: [ '3.0.2' ],
51 silly audit   'rtl-detect': [ '1.1.2' ],
51 silly audit   rtlcss: [ '4.2.0' ],
51 silly audit   'run-parallel': [ '1.2.0' ],
51 silly audit   'safer-buffer': [ '2.1.2' ],
51 silly audit   sax: [ '1.4.1' ],
51 silly audit   scheduler: [ '0.23.2' ],
51 silly audit   'search-insights': [ '2.15.0' ],
51 silly audit   'section-matter': [ '1.0.0' ],
51 silly audit   'select-hose': [ '2.0.0' ],
51 silly audit   selfsigned: [ '2.4.1' ],
51 silly audit   'semver-diff': [ '4.0.0' ],
51 silly audit   send: [ '0.18.0' ],
51 silly audit   'serialize-javascript': [ '6.0.2' ],
51 silly audit   'serve-handler': [ '6.1.5' ],
51 silly audit   'serve-index': [ '1.9.1' ],
51 silly audit   setprototypeof: [ '1.1.0', '1.2.0' ],
51 silly audit   statuses: [ '1.5.0', '2.0.1' ],
51 silly audit   'serve-static': [ '1.15.0' ],
51 silly audit   'set-function-length': [ '1.2.2' ],
51 silly audit   'shallow-clone': [ '3.0.1' ],
51 silly audit   shallowequal: [ '1.1.0' ],
51 silly audit   'shebang-command': [ '2.0.0' ],
51 silly audit   'shebang-regex': [ '3.0.0' ],
51 silly audit   'shell-quote': [ '1.8.1' ],
51 silly audit   shelljs: [ '0.8.5' ],
51 silly audit   'side-channel': [ '1.0.6' ],
51 silly audit   'signal-exit': [ '3.0.7' ],
51 silly audit   sirv: [ '2.0.4' ],
51 silly audit   sisteransi: [ '1.0.5' ],
51 silly audit   sitemap: [ '7.1.2' ],
51 silly audit   'skin-tone': [ '2.0.0' ],
51 silly audit   'snake-case': [ '3.0.4' ],
51 silly audit   sockjs: [ '0.3.24' ],
51 silly audit   'sort-css-media-queries': [ '2.2.0' ],
51 silly audit   'source-map-js': [ '1.2.0' ],
51 silly audit   'source-map-support': [ '0.5.21' ],
51 silly audit   'space-separated-tokens': [ '2.0.2' ],
51 silly audit   spdy: [ '4.0.2' ],
51 silly audit   'spdy-transport': [ '3.0.0' ],
51 silly audit   'sprintf-js': [ '1.0.3' ],
51 silly audit   srcset: [ '4.0.0' ],
51 silly audit   'std-env': [ '3.7.0' ],
51 silly audit   'strip-ansi': [ '7.1.0', '6.0.1' ],
51 silly audit   'stringify-entities': [ '4.0.4' ],
51 silly audit   'stringify-object': [ '3.3.0' ],
51 silly audit   'strip-bom-string': [ '1.0.0' ],
51 silly audit   'strip-final-newline': [ '2.0.0' ],
51 silly audit   stylehacks: [ '6.1.1' ],
51 silly audit   'supports-preserve-symlinks-flag': [ '1.0.0' ],
51 silly audit   'svg-parser': [ '2.0.4' ],
51 silly audit   svgo: [ '3.3.2' ],
51 silly audit   terser: [ '5.31.3' ],
51 silly audit   'terser-webpack-plugin': [ '5.3.10' ],
51 silly audit   'text-table': [ '0.2.0' ],
51 silly audit   thunky: [ '1.1.0' ],
51 silly audit   'tiny-invariant': [ '1.3.3' ],
51 silly audit   'tiny-warning': [ '1.0.3' ],
51 silly audit   'to-fast-properties': [ '2.0.0' ],
51 silly audit   'to-regex-range': [ '5.0.1' ],
51 silly audit   toidentifier: [ '1.0.1' ],
51 silly audit   totalist: [ '3.0.1' ],
51 silly audit   'trim-lines': [ '3.0.1' ],
51 silly audit   trough: [ '2.2.0' ],
51 silly audit   tslib: [ '2.6.3' ],
51 silly audit   'type-is': [ '1.6.18' ],
51 silly audit   'typedarray-to-buffer': [ '3.1.5' ],
51 silly audit   typescript: [ '5.5.4' ],
51 silly audit   'undici-types': [ '6.13.0' ],
51 silly audit   'unicode-canonical-property-names-ecmascript': [ '2.0.0' ],
51 silly audit   'unicode-emoji-modifier-base': [ '1.0.0' ],
51 silly audit   'unicode-match-property-ecmascript': [ '2.0.0' ],
51 silly audit   'unicode-match-property-value-ecmascript': [ '2.1.0' ],
51 silly audit   'unicode-property-aliases-ecmascript': [ '2.1.0' ],
51 silly audit   unified: [ '11.0.5' ],
51 silly audit   'unique-string': [ '3.0.0' ],
51 silly audit   'unist-util-is': [ '6.0.0' ],
51 silly audit   'unist-util-position': [ '5.0.0' ],
51 silly audit   'unist-util-position-from-estree': [ '2.0.0' ],
51 silly audit   'unist-util-remove-position': [ '5.0.0' ],
51 silly audit   'unist-util-stringify-position': [ '4.0.0' ],
51 silly audit   'unist-util-visit': [ '5.0.0' ],
51 silly audit   'unist-util-visit-parents': [ '6.0.1' ],
51 silly audit   universalify: [ '2.0.1' ],
51 silly audit   unpipe: [ '1.0.0' ],
51 silly audit   'update-browserslist-db': [ '1.1.0' ],
51 silly audit   'update-notifier': [ '6.0.2' ],
51 silly audit   'uri-js': [ '4.4.1' ],
51 silly audit   'url-loader': [ '4.1.1' ],
51 silly audit   'util-deprecate': [ '1.0.2' ],
51 silly audit   utila: [ '0.4.0' ],
51 silly audit   'utility-types': [ '3.11.0' ],
51 silly audit   'utils-merge': [ '1.0.1' ],
51 silly audit   uuid: [ '8.3.2' ],
51 silly audit   'value-equal': [ '1.0.1' ],
51 silly audit   vary: [ '1.1.2' ],
51 silly audit   vfile: [ '6.0.2' ],
51 silly audit   'vfile-location': [ '5.0.3' ],
51 silly audit   'vfile-message': [ '4.0.2' ],
51 silly audit   watchpack: [ '2.4.1' ],
51 silly audit   wbuf: [ '1.7.3' ],
51 silly audit   'web-namespaces': [ '2.0.1' ],
51 silly audit   webpack: [ '5.93.0' ],
51 silly audit   'webpack-bundle-analyzer': [ '4.10.2' ],
51 silly audit   'webpack-dev-middleware': [ '5.3.4' ],
51 silly audit   'webpack-dev-server': [ '4.15.2' ],
51 silly audit   ws: [ '8.18.0', '7.5.10' ],
51 silly audit   'webpack-merge': [ '5.10.0' ],
51 silly audit   'webpack-sources': [ '3.2.3' ],
51 silly audit   webpackbar: [ '5.0.2' ],
51 silly audit   'websocket-driver': [ '0.7.4' ],
51 silly audit   'websocket-extensions': [ '0.1.4' ],
51 silly audit   'widest-line': [ '4.0.1' ],
51 silly audit   wildcard: [ '2.0.1' ],
51 silly audit   'wrap-ansi': [ '8.1.0' ],
51 silly audit   wrappy: [ '1.0.2' ],
51 silly audit   'write-file-atomic': [ '3.0.3' ],
51 silly audit   'xdg-basedir': [ '5.1.0' ],
51 silly audit   'xml-js': [ '1.6.11' ],
51 silly audit   yallist: [ '3.1.1' ],
51 silly audit   yaml: [ '1.10.2' ],
51 silly audit   zwitch: [ '2.0.4' ]
51 silly audit }
52 verbose reify failed optional dependency /home/container/node_modules/fsevents
53 silly reify mark deleted [ '/home/container/node_modules/fsevents' ]
54 timing reifyNode:node_modules/fsevents Completed in 19ms
55 timing reify:unpack Completed in 19ms
56 timing reify:unretire Completed in 0ms
57 timing build:queue Completed in 2ms
58 timing build:deps Completed in 2ms
59 timing build Completed in 2ms
60 timing reify:build Completed in 2ms
61 timing reify:trash Completed in 1ms
62 timing reify:save Completed in 97ms
63 http fetch POST 200 https://registry.npmjs.org/-/npm/v1/security/advisories/bulk 417ms
64 timing auditReport:getReport Completed in 429ms
65 silly audit report {}
66 timing auditReport:init Completed in 0ms
67 timing reify:audit Completed in 429ms
68 timing reify Completed in 909ms
69 silly ADD
70 timing command:install Completed in 915ms
71 verbose exit 0
72 timing npm Completed in 980ms
73 info ok
